<?xml version="1.0" encoding="UTF-8"?>
<testsuite xmlns:xsi="http://www.w3.org/2001/XMLSchema-instance" xsi:noNamespaceSchemaLocation="https://maven.apache.org/surefire/maven-surefire-plugin/xsd/surefire-test-report-3.0.xsd" version="3.0" name="TestSuite" time="117.146" tests="9" errors="0" skipped="0" failures="0">
  <properties>
    <property name="sun.desktop" value="windows"/>
    <property name="awt.toolkit" value="sun.awt.windows.WToolkit"/>
    <property name="file.encoding.pkg" value="sun.io"/>
    <property name="java.specification.version" value="1.8"/>
    <property name="webdriver.chrome.driver" value="C:\Users\srao9\OneDrive\Desktop\BookMyShowAutomation\WebDrivers\chromedriver.exe"/>
    <property name="sun.cpu.isalist" value="amd64"/>
    <property name="sun.jnu.encoding" value="Cp1252"/>
    <property name="java.class.path" value="C:\Users\srao9\OneDrive\Desktop\BookMyShowAutomation\target\test-classes;C:\Users\srao9\OneDrive\Desktop\BookMyShowAutomation\target\classes;C:\Users\srao9\.m2\repository\junit\junit\3.8.1\junit-3.8.1.jar;C:\Users\srao9\.m2\repository\org\apache\axis2\axis2-adb\1.6.2\axis2-adb-1.6.2.jar;C:\Users\srao9\.m2\repository\org\apache\axis2\axis2-kernel\1.6.2\axis2-kernel-1.6.2.jar;C:\Users\srao9\.m2\repository\org\apache\ws\commons\axiom\axiom-api\1.2.13\axiom-api-1.2.13.jar;C:\Users\srao9\.m2\repository\org\apache\geronimo\specs\geronimo-javamail_1.4_spec\1.7.1\geronimo-javamail_1.4_spec-1.7.1.jar;C:\Users\srao9\.m2\repository\jaxen\jaxen\1.1.3\jaxen-1.1.3.jar;C:\Users\srao9\.m2\repository\org\apache\geronimo\specs\geronimo-stax-api_1.0_spec\1.0.1\geronimo-stax-api_1.0_spec-1.0.1.jar;C:\Users\srao9\.m2\repository\org\apache\james\apache-mime4j-core\0.7.2\apache-mime4j-core-0.7.2.jar;C:\Users\srao9\.m2\repository\org\apache\ws\commons\axiom\axiom-impl\1.2.13\axiom-impl-1.2.13.jar;C:\Users\srao9\.m2\repository\org\codehaus\woodstox\wstx-asl\3.2.9\wstx-asl-3.2.9.jar;C:\Users\srao9\.m2\repository\org\apache\geronimo\specs\geronimo-ws-metadata_2.0_spec\1.1.2\geronimo-ws-metadata_2.0_spec-1.1.2.jar;C:\Users\srao9\.m2\repository\org\apache\geronimo\specs\geronimo-jta_1.1_spec\1.1\geronimo-jta_1.1_spec-1.1.jar;C:\Users\srao9\.m2\repository\javax\servlet\servlet-api\2.3\servlet-api-2.3.jar;C:\Users\srao9\.m2\repository\commons-httpclient\commons-httpclient\3.1\commons-httpclient-3.1.jar;C:\Users\srao9\.m2\repository\commons-fileupload\commons-fileupload\1.2\commons-fileupload-1.2.jar;C:\Users\srao9\.m2\repository\wsdl4j\wsdl4j\1.6.2\wsdl4j-1.6.2.jar;C:\Users\srao9\.m2\repository\org\apache\ws\commons\schema\XmlSchema\1.4.7\XmlSchema-1.4.7.jar;C:\Users\srao9\.m2\repository\org\apache\neethi\neethi\3.0.2\neethi-3.0.2.jar;C:\Users\srao9\.m2\repository\org\apache\woden\woden-api\1.0M9\woden-api-1.0M9.jar;C:\Users\srao9\.m2\repository\org\apache\woden\woden-impl-dom\1.0M9\woden-impl-dom-1.0M9.jar;C:\Users\srao9\.m2\repository\org\apache\woden\woden-impl-commons\1.0M9\woden-impl-commons-1.0M9.jar;C:\Users\srao9\.m2\repository\commons-logging\commons-logging\1.1.1\commons-logging-1.1.1.jar;C:\Users\srao9\.m2\repository\javax\ws\rs\jsr311-api\1.0\jsr311-api-1.0.jar;C:\Users\srao9\.m2\repository\org\apache\geronimo\specs\geronimo-activation_1.1_spec\1.0.2\geronimo-activation_1.1_spec-1.0.2.jar;C:\Users\srao9\.m2\repository\io\cucumber\cucumber-junit\2.0.0\cucumber-junit-2.0.0.jar;C:\Users\srao9\.m2\repository\io\cucumber\cucumber-core\2.0.0\cucumber-core-2.0.0.jar;C:\Users\srao9\.m2\repository\info\cukes\cucumber-html\0.2.6\cucumber-html-0.2.6.jar;C:\Users\srao9\.m2\repository\io\cucumber\cucumber-jvm-deps\1.0.6\cucumber-jvm-deps-1.0.6.jar;C:\Users\srao9\.m2\repository\io\cucumber\gherkin\4.1.3\gherkin-4.1.3.jar;C:\Users\srao9\.m2\repository\io\cucumber\tag-expressions\1.0.1\tag-expressions-1.0.1.jar;C:\Users\srao9\.m2\repository\org\apache\axis2\axis2-transport-local\1.6.2\axis2-transport-local-1.6.2.jar;C:\Users\srao9\.m2\repository\org\seleniumhq\selenium\selenium-java\3.141.59\selenium-java-3.141.59.jar;C:\Users\srao9\.m2\repository\org\seleniumhq\selenium\selenium-api\3.141.59\selenium-api-3.141.59.jar;C:\Users\srao9\.m2\repository\org\seleniumhq\selenium\selenium-chrome-driver\3.141.59\selenium-chrome-driver-3.141.59.jar;C:\Users\srao9\.m2\repository\org\seleniumhq\selenium\selenium-edge-driver\3.141.59\selenium-edge-driver-3.141.59.jar;C:\Users\srao9\.m2\repository\org\seleniumhq\selenium\selenium-firefox-driver\3.141.59\selenium-firefox-driver-3.141.59.jar;C:\Users\srao9\.m2\repository\org\seleniumhq\selenium\selenium-ie-driver\3.141.59\selenium-ie-driver-3.141.59.jar;C:\Users\srao9\.m2\repository\org\seleniumhq\selenium\selenium-opera-driver\3.141.59\selenium-opera-driver-3.141.59.jar;C:\Users\srao9\.m2\repository\org\seleniumhq\selenium\selenium-remote-driver\3.141.59\selenium-remote-driver-3.141.59.jar;C:\Users\srao9\.m2\repository\org\seleniumhq\selenium\selenium-safari-driver\3.141.59\selenium-safari-driver-3.141.59.jar;C:\Users\srao9\.m2\repository\org\seleniumhq\selenium\selenium-support\3.141.59\selenium-support-3.141.59.jar;C:\Users\srao9\.m2\repository\net\bytebuddy\byte-buddy\1.8.15\byte-buddy-1.8.15.jar;C:\Users\srao9\.m2\repository\org\apache\commons\commons-exec\1.3\commons-exec-1.3.jar;C:\Users\srao9\.m2\repository\com\google\guava\guava\25.0-jre\guava-25.0-jre.jar;C:\Users\srao9\.m2\repository\com\google\code\findbugs\jsr305\1.3.9\jsr305-1.3.9.jar;C:\Users\srao9\.m2\repository\org\checkerframework\checker-compat-qual\2.0.0\checker-compat-qual-2.0.0.jar;C:\Users\srao9\.m2\repository\com\google\errorprone\error_prone_annotations\2.1.3\error_prone_annotations-2.1.3.jar;C:\Users\srao9\.m2\repository\com\google\j2objc\j2objc-annotations\1.1\j2objc-annotations-1.1.jar;C:\Users\srao9\.m2\repository\org\codehaus\mojo\animal-sniffer-annotations\1.14\animal-sniffer-annotations-1.14.jar;C:\Users\srao9\.m2\repository\com\squareup\okhttp3\okhttp\3.11.0\okhttp-3.11.0.jar;C:\Users\srao9\.m2\repository\com\squareup\okio\okio\1.14.0\okio-1.14.0.jar;C:\Users\srao9\.m2\repository\org\testng\testng\6.14.3\testng-6.14.3.jar;C:\Users\srao9\.m2\repository\com\beust\jcommander\1.72\jcommander-1.72.jar;C:\Users\srao9\.m2\repository\org\apache-extras\beanshell\bsh\2.0b6\bsh-2.0b6.jar;C:\Users\srao9\.m2\repository\com\aventstack\extentreports\3.1.5\extentreports-3.1.5.jar;C:\Users\srao9\.m2\repository\org\freemarker\freemarker\2.3.23\freemarker-2.3.23.jar;C:\Users\srao9\.m2\repository\org\mongodb\mongodb-driver\3.3.0\mongodb-driver-3.3.0.jar;C:\Users\srao9\.m2\repository\org\mongodb\bson\3.3.0\bson-3.3.0.jar;C:\Users\srao9\.m2\repository\org\mongodb\mongodb-driver-core\3.3.0\mongodb-driver-core-3.3.0.jar;C:\Users\srao9\.m2\repository\org\apache\httpcomponents\httpclient\4.5.2\httpclient-4.5.2.jar;C:\Users\srao9\.m2\repository\org\apache\httpcomponents\httpcore\4.4.4\httpcore-4.4.4.jar;C:\Users\srao9\.m2\repository\org\apache\httpcomponents\httpmime\4.5.2\httpmime-4.5.2.jar;C:\Users\srao9\.m2\repository\org\jsoup\jsoup\1.9.2\jsoup-1.9.2.jar;C:\Users\srao9\.m2\repository\com\google\code\gson\gson\2.8.0\gson-2.8.0.jar;C:\Users\srao9\.m2\repository\commons-io\commons-io\2.6\commons-io-2.6.jar;C:\Users\srao9\.m2\repository\org\apache\poi\poi\3.17\poi-3.17.jar;C:\Users\srao9\.m2\repository\commons-codec\commons-codec\1.10\commons-codec-1.10.jar;C:\Users\srao9\.m2\repository\org\apache\commons\commons-collections4\4.1\commons-collections4-4.1.jar;C:\Users\srao9\.m2\repository\org\apache\poi\poi-ooxml\3.17\poi-ooxml-3.17.jar;C:\Users\srao9\.m2\repository\org\apache\poi\poi-ooxml-schemas\3.17\poi-ooxml-schemas-3.17.jar;C:\Users\srao9\.m2\repository\org\apache\xmlbeans\xmlbeans\2.6.0\xmlbeans-2.6.0.jar;C:\Users\srao9\.m2\repository\stax\stax-api\1.0.1\stax-api-1.0.1.jar;C:\Users\srao9\.m2\repository\com\github\virtuald\curvesapi\1.04\curvesapi-1.04.jar;"/>
    <property name="java.vm.vendor" value="Oracle Corporation"/>
    <property name="sun.arch.data.model" value="64"/>
    <property name="user.variant" value=""/>
    <property name="java.vendor.url" value="http://java.oracle.com/"/>
    <property name="user.timezone" value="Asia/Calcutta"/>
    <property name="java.vm.specification.version" value="1.8"/>
    <property name="os.name" value="Windows 10"/>
    <property name="user.country" value="IN"/>
    <property name="sun.java.launcher" value="SUN_STANDARD"/>
    <property name="sun.boot.library.path" value="C:\Program Files\Java\jre1.8.0_291\bin"/>
    <property name="sun.java.command" value="C:\Users\srao9\AppData\Local\Temp\surefire6823751082234888254\surefirebooter7133310993105723814.jar C:\Users\srao9\AppData\Local\Temp\surefire6823751082234888254 2021-07-02T12-46-30_918-jvmRun1 surefire7033141159053661187tmp surefire_03580225262788767124tmp"/>
    <property name="surefire.test.class.path" value="C:\Users\srao9\OneDrive\Desktop\BookMyShowAutomation\target\test-classes;C:\Users\srao9\OneDrive\Desktop\BookMyShowAutomation\target\classes;C:\Users\srao9\.m2\repository\junit\junit\3.8.1\junit-3.8.1.jar;C:\Users\srao9\.m2\repository\org\apache\axis2\axis2-adb\1.6.2\axis2-adb-1.6.2.jar;C:\Users\srao9\.m2\repository\org\apache\axis2\axis2-kernel\1.6.2\axis2-kernel-1.6.2.jar;C:\Users\srao9\.m2\repository\org\apache\ws\commons\axiom\axiom-api\1.2.13\axiom-api-1.2.13.jar;C:\Users\srao9\.m2\repository\org\apache\geronimo\specs\geronimo-javamail_1.4_spec\1.7.1\geronimo-javamail_1.4_spec-1.7.1.jar;C:\Users\srao9\.m2\repository\jaxen\jaxen\1.1.3\jaxen-1.1.3.jar;C:\Users\srao9\.m2\repository\org\apache\geronimo\specs\geronimo-stax-api_1.0_spec\1.0.1\geronimo-stax-api_1.0_spec-1.0.1.jar;C:\Users\srao9\.m2\repository\org\apache\james\apache-mime4j-core\0.7.2\apache-mime4j-core-0.7.2.jar;C:\Users\srao9\.m2\repository\org\apache\ws\commons\axiom\axiom-impl\1.2.13\axiom-impl-1.2.13.jar;C:\Users\srao9\.m2\repository\org\codehaus\woodstox\wstx-asl\3.2.9\wstx-asl-3.2.9.jar;C:\Users\srao9\.m2\repository\org\apache\geronimo\specs\geronimo-ws-metadata_2.0_spec\1.1.2\geronimo-ws-metadata_2.0_spec-1.1.2.jar;C:\Users\srao9\.m2\repository\org\apache\geronimo\specs\geronimo-jta_1.1_spec\1.1\geronimo-jta_1.1_spec-1.1.jar;C:\Users\srao9\.m2\repository\javax\servlet\servlet-api\2.3\servlet-api-2.3.jar;C:\Users\srao9\.m2\repository\commons-httpclient\commons-httpclient\3.1\commons-httpclient-3.1.jar;C:\Users\srao9\.m2\repository\commons-fileupload\commons-fileupload\1.2\commons-fileupload-1.2.jar;C:\Users\srao9\.m2\repository\wsdl4j\wsdl4j\1.6.2\wsdl4j-1.6.2.jar;C:\Users\srao9\.m2\repository\org\apache\ws\commons\schema\XmlSchema\1.4.7\XmlSchema-1.4.7.jar;C:\Users\srao9\.m2\repository\org\apache\neethi\neethi\3.0.2\neethi-3.0.2.jar;C:\Users\srao9\.m2\repository\org\apache\woden\woden-api\1.0M9\woden-api-1.0M9.jar;C:\Users\srao9\.m2\repository\org\apache\woden\woden-impl-dom\1.0M9\woden-impl-dom-1.0M9.jar;C:\Users\srao9\.m2\repository\org\apache\woden\woden-impl-commons\1.0M9\woden-impl-commons-1.0M9.jar;C:\Users\srao9\.m2\repository\commons-logging\commons-logging\1.1.1\commons-logging-1.1.1.jar;C:\Users\srao9\.m2\repository\javax\ws\rs\jsr311-api\1.0\jsr311-api-1.0.jar;C:\Users\srao9\.m2\repository\org\apache\geronimo\specs\geronimo-activation_1.1_spec\1.0.2\geronimo-activation_1.1_spec-1.0.2.jar;C:\Users\srao9\.m2\repository\io\cucumber\cucumber-junit\2.0.0\cucumber-junit-2.0.0.jar;C:\Users\srao9\.m2\repository\io\cucumber\cucumber-core\2.0.0\cucumber-core-2.0.0.jar;C:\Users\srao9\.m2\repository\info\cukes\cucumber-html\0.2.6\cucumber-html-0.2.6.jar;C:\Users\srao9\.m2\repository\io\cucumber\cucumber-jvm-deps\1.0.6\cucumber-jvm-deps-1.0.6.jar;C:\Users\srao9\.m2\repository\io\cucumber\gherkin\4.1.3\gherkin-4.1.3.jar;C:\Users\srao9\.m2\repository\io\cucumber\tag-expressions\1.0.1\tag-expressions-1.0.1.jar;C:\Users\srao9\.m2\repository\org\apache\axis2\axis2-transport-local\1.6.2\axis2-transport-local-1.6.2.jar;C:\Users\srao9\.m2\repository\org\seleniumhq\selenium\selenium-java\3.141.59\selenium-java-3.141.59.jar;C:\Users\srao9\.m2\repository\org\seleniumhq\selenium\selenium-api\3.141.59\selenium-api-3.141.59.jar;C:\Users\srao9\.m2\repository\org\seleniumhq\selenium\selenium-chrome-driver\3.141.59\selenium-chrome-driver-3.141.59.jar;C:\Users\srao9\.m2\repository\org\seleniumhq\selenium\selenium-edge-driver\3.141.59\selenium-edge-driver-3.141.59.jar;C:\Users\srao9\.m2\repository\org\seleniumhq\selenium\selenium-firefox-driver\3.141.59\selenium-firefox-driver-3.141.59.jar;C:\Users\srao9\.m2\repository\org\seleniumhq\selenium\selenium-ie-driver\3.141.59\selenium-ie-driver-3.141.59.jar;C:\Users\srao9\.m2\repository\org\seleniumhq\selenium\selenium-opera-driver\3.141.59\selenium-opera-driver-3.141.59.jar;C:\Users\srao9\.m2\repository\org\seleniumhq\selenium\selenium-remote-driver\3.141.59\selenium-remote-driver-3.141.59.jar;C:\Users\srao9\.m2\repository\org\seleniumhq\selenium\selenium-safari-driver\3.141.59\selenium-safari-driver-3.141.59.jar;C:\Users\srao9\.m2\repository\org\seleniumhq\selenium\selenium-support\3.141.59\selenium-support-3.141.59.jar;C:\Users\srao9\.m2\repository\net\bytebuddy\byte-buddy\1.8.15\byte-buddy-1.8.15.jar;C:\Users\srao9\.m2\repository\org\apache\commons\commons-exec\1.3\commons-exec-1.3.jar;C:\Users\srao9\.m2\repository\com\google\guava\guava\25.0-jre\guava-25.0-jre.jar;C:\Users\srao9\.m2\repository\com\google\code\findbugs\jsr305\1.3.9\jsr305-1.3.9.jar;C:\Users\srao9\.m2\repository\org\checkerframework\checker-compat-qual\2.0.0\checker-compat-qual-2.0.0.jar;C:\Users\srao9\.m2\repository\com\google\errorprone\error_prone_annotations\2.1.3\error_prone_annotations-2.1.3.jar;C:\Users\srao9\.m2\repository\com\google\j2objc\j2objc-annotations\1.1\j2objc-annotations-1.1.jar;C:\Users\srao9\.m2\repository\org\codehaus\mojo\animal-sniffer-annotations\1.14\animal-sniffer-annotations-1.14.jar;C:\Users\srao9\.m2\repository\com\squareup\okhttp3\okhttp\3.11.0\okhttp-3.11.0.jar;C:\Users\srao9\.m2\repository\com\squareup\okio\okio\1.14.0\okio-1.14.0.jar;C:\Users\srao9\.m2\repository\org\testng\testng\6.14.3\testng-6.14.3.jar;C:\Users\srao9\.m2\repository\com\beust\jcommander\1.72\jcommander-1.72.jar;C:\Users\srao9\.m2\repository\org\apache-extras\beanshell\bsh\2.0b6\bsh-2.0b6.jar;C:\Users\srao9\.m2\repository\com\aventstack\extentreports\3.1.5\extentreports-3.1.5.jar;C:\Users\srao9\.m2\repository\org\freemarker\freemarker\2.3.23\freemarker-2.3.23.jar;C:\Users\srao9\.m2\repository\org\mongodb\mongodb-driver\3.3.0\mongodb-driver-3.3.0.jar;C:\Users\srao9\.m2\repository\org\mongodb\bson\3.3.0\bson-3.3.0.jar;C:\Users\srao9\.m2\repository\org\mongodb\mongodb-driver-core\3.3.0\mongodb-driver-core-3.3.0.jar;C:\Users\srao9\.m2\repository\org\apache\httpcomponents\httpclient\4.5.2\httpclient-4.5.2.jar;C:\Users\srao9\.m2\repository\org\apache\httpcomponents\httpcore\4.4.4\httpcore-4.4.4.jar;C:\Users\srao9\.m2\repository\org\apache\httpcomponents\httpmime\4.5.2\httpmime-4.5.2.jar;C:\Users\srao9\.m2\repository\org\jsoup\jsoup\1.9.2\jsoup-1.9.2.jar;C:\Users\srao9\.m2\repository\com\google\code\gson\gson\2.8.0\gson-2.8.0.jar;C:\Users\srao9\.m2\repository\commons-io\commons-io\2.6\commons-io-2.6.jar;C:\Users\srao9\.m2\repository\org\apache\poi\poi\3.17\poi-3.17.jar;C:\Users\srao9\.m2\repository\commons-codec\commons-codec\1.10\commons-codec-1.10.jar;C:\Users\srao9\.m2\repository\org\apache\commons\commons-collections4\4.1\commons-collections4-4.1.jar;C:\Users\srao9\.m2\repository\org\apache\poi\poi-ooxml\3.17\poi-ooxml-3.17.jar;C:\Users\srao9\.m2\repository\org\apache\poi\poi-ooxml-schemas\3.17\poi-ooxml-schemas-3.17.jar;C:\Users\srao9\.m2\repository\org\apache\xmlbeans\xmlbeans\2.6.0\xmlbeans-2.6.0.jar;C:\Users\srao9\.m2\repository\stax\stax-api\1.0.1\stax-api-1.0.1.jar;C:\Users\srao9\.m2\repository\com\github\virtuald\curvesapi\1.04\curvesapi-1.04.jar;"/>
    <property name="sun.cpu.endian" value="little"/>
    <property name="user.home" value="C:\Users\srao9"/>
    <property name="user.language" value="en"/>
    <property name="java.specification.vendor" value="Oracle Corporation"/>
    <property name="java.home" value="C:\Program Files\Java\jre1.8.0_291"/>
    <property name="basedir" value="C:\Users\srao9\OneDrive\Desktop\BookMyShowAutomation"/>
    <property name="file.separator" value="\"/>
    <property name="line.separator" value="&#10;"/>
    <property name="java.vm.specification.vendor" value="Oracle Corporation"/>
    <property name="java.specification.name" value="Java Platform API Specification"/>
    <property name="java.awt.graphicsenv" value="sun.awt.Win32GraphicsEnvironment"/>
    <property name="surefire.real.class.path" value="C:\Users\srao9\AppData\Local\Temp\surefire6823751082234888254\surefirebooter7133310993105723814.jar"/>
    <property name="sun.boot.class.path" value="C:\Program Files\Java\jre1.8.0_291\lib\resources.jar;C:\Program Files\Java\jre1.8.0_291\lib\rt.jar;C:\Program Files\Java\jre1.8.0_291\lib\sunrsasign.jar;C:\Program Files\Java\jre1.8.0_291\lib\jsse.jar;C:\Program Files\Java\jre1.8.0_291\lib\jce.jar;C:\Program Files\Java\jre1.8.0_291\lib\charsets.jar;C:\Program Files\Java\jre1.8.0_291\lib\jfr.jar;C:\Program Files\Java\jre1.8.0_291\classes"/>
    <property name="user.script" value=""/>
    <property name="sun.management.compiler" value="HotSpot 64-Bit Tiered Compilers"/>
    <property name="java.runtime.version" value="1.8.0_291-b10"/>
    <property name="user.name" value="srao9"/>
    <property name="path.separator" value=";"/>
    <property name="os.version" value="10.0"/>
    <property name="java.endorsed.dirs" value="C:\Program Files\Java\jre1.8.0_291\lib\endorsed"/>
    <property name="java.runtime.name" value="Java(TM) SE Runtime Environment"/>
    <property name="file.encoding" value="Cp1252"/>
    <property name="java.vm.name" value="Java HotSpot(TM) 64-Bit Server VM"/>
    <property name="localRepository" value="C:\Users\srao9\.m2\repository"/>
    <property name="java.vendor.url.bug" value="http://bugreport.sun.com/bugreport/"/>
    <property name="java.io.tmpdir" value="C:\Users\srao9\AppData\Local\Temp\"/>
    <property name="java.version" value="1.8.0_291"/>
    <property name="user.dir" value="C:\Users\srao9\OneDrive\Desktop\BookMyShowAutomation"/>
    <property name="os.arch" value="amd64"/>
    <property name="java.vm.specification.name" value="Java Virtual Machine Specification"/>
    <property name="java.awt.printerjob" value="sun.awt.windows.WPrinterJob"/>
    <property name="sun.os.patch.level" value=""/>
    <property name="java.library.path" value="C:\Program Files\Java\jre1.8.0_291\bin;C:\WINDOWS\Sun\Java\bin;C:\WINDOWS\system32;C:\WINDOWS;C:/Program Files/Java/jdk-11.0.11/bin/server;C:/Program Files/Java/jdk-11.0.11/bin;C:\Program Files\Java\jdk-11.0.11\bin;C:\Program Files (x86)\Common Files\Oracle\Java\javapath;C:\Program Files (x86)\VMware\VMware Workstation\bin\;C:\Program Files (x86)\Intel\Intel(R) Management Engine Components\iCLS\;C:\Program Files\Intel\Intel(R) Management Engine Components\iCLS\;C:\windows\system32;C:\windows;C:\windows\System32\Wbem;C:\windows\System32\WindowsPowerShell\v1.0\;C:\Program Files (x86)\Intel\Intel(R) Management Engine Components\DAL;C:\Program Files\Intel\Intel(R) Management Engine Components\DAL;C:\Program Files (x86)\Intel\Intel(R) Management Engine Components\IPT;C:\Program Files\Intel\Intel(R) Management Engine Components\IPT;C:\Program Files (x86)\NVIDIA Corporation\PhysX\Common;C:\WINDOWS\system32;C:\WINDOWS;C:\WINDOWS\System32\Wbem;C:\WINDOWS\System32\WindowsPowerShell\v1.0\;C:\WINDOWS\System32\OpenSSH\;C:\Program Files\nodejs\;C:\Program Files\Git\cmd;C:\Program Files\Git\bin;C:\Users\srao9\AppData\Local\Programs\Python\Python39\Scripts\;C:\Users\srao9\AppData\Local\Programs\Python\Python39\;C:\Users\srao9\AppData\Local\Microsoft\WindowsApps;C:\Users\srao9\AppData\Local\Programs\Microsoft VS Code\bin;C:\Users\srao9\Downloads\apache-maven-3.8.1-bin\apache-maven-3.8.1\bin;C:\Users\srao9\AppData\Roaming\npm;C:\Program Files\JetBrains\IntelliJ IDEA Community Edition 2021.1.2\bin;;C:\Users\srao9\OneDrive\Desktop\BookMyShowAutomation\WebDrivers;;C:\Users\srao9\eclipse\jee-2021-06\eclipse;;."/>
    <property name="java.vm.info" value="mixed mode"/>
    <property name="java.vendor" value="Oracle Corporation"/>
    <property name="java.vm.version" value="25.291-b10"/>
    <property name="java.ext.dirs" value="C:\Program Files\Java\jre1.8.0_291\lib\ext;C:\WINDOWS\Sun\Java\lib\ext"/>
    <property name="sun.io.unicode.encoding" value="UnicodeLittle"/>
    <property name="java.class.version" value="52.0"/>
  </properties>
  <testcase name="openBrowser[https://in.bookmyshow.com/, \\Screenshots\\test_1.png](1)" classname="Automation.BookMyShow.loginFunctionalityTest" time="9.161">
    <system-out><![CDATA[[TestNGContentHandler] [WARN] It is strongly recommended to add "<!DOCTYPE suite SYSTEM "http://testng.org/testng-1.0.dtd" >" at the top of your file, otherwise TestNG may fail or not work as expected.
]]></system-out>
    <system-err><![CDATA[Jul 02, 2021 12:46:34 PM org.openqa.selenium.remote.DesiredCapabilities chrome
INFO: Using `new ChromeOptions()` is preferred to `DesiredCapabilities.chrome()`
Jul 02, 2021 12:46:41 PM org.openqa.selenium.remote.ProtocolHandshake createSession
INFO: Detected dialect: W3C
]]></system-err>
  </testcase>
  <testcase name="signUpNCR[\\Screenshots\\test_2.png, \\Screenshots\\test_3.png](1)" classname="Automation.BookMyShow.loginFunctionalityTest" time="1.498"/>
  <testcase name="signUp[\\Screenshots\\test_4.png](1)" classname="Automation.BookMyShow.loginFunctionalityTest" time="3.825"/>
  <testcase name="signUpUsingGoogle[\\Screenshots\\test_5.png](1)" classname="Automation.BookMyShow.loginFunctionalityTest" time="1.071"/>
  <testcase name="switchWindow[\\Screenshots\\test_6.png](1)" classname="Automation.BookMyShow.loginFunctionalityTest" time="15.835">
    <system-out><![CDATA[Couldn't find your Google Account
]]></system-out>
  </testcase>
  <testcase name="openBrowser[https://in.bookmyshow.com/, \\Screenshots\\test_1.png](1)" classname="Automation.BookMyShow.movieNameCollectionTest" time="7.965">
    <system-err><![CDATA[Jul 02, 2021 12:47:18 PM org.openqa.selenium.remote.DesiredCapabilities chrome
INFO: Using `new ChromeOptions()` is preferred to `DesiredCapabilities.chrome()`
Jul 02, 2021 12:47:22 PM org.openqa.selenium.remote.ProtocolHandshake createSession
INFO: Detected dialect: W3C
]]></system-err>
  </testcase>
  <testcase name="signUpNCR[\\Screenshots\\test_2.png, \\Screenshots\\test_3.png](1)" classname="Automation.BookMyShow.movieNameCollectionTest" time="1.699"/>
  <testcase name="moviesData" classname="Automation.BookMyShow.movieNameCollectionTest" time="6.764">
    <system-out><![CDATA[[Hindi, English, Telugu, Tamil, Kannada, Malayalam, Marathi, Bengali, Punjabi, Bhojpuri, Gujarati, Assamese, Rajasthani, Sanskrit]
]]></system-out>
  </testcase>
  <testcase name="clickAllLinks" classname="Automation.BookMyShow.sportsNameCollectionTest" time="43.834">
    <system-out><![CDATA[{Vidar Gaming Academy=5684, Weekly Chess Maha Muqabla=225, Call of Duty Mobile Tournament=300, Online Game - The Prisoner of Andaman=149, Indian Chess League 2021=99, Johnson Call Of Duty Mobile Tournament=100, Online Game - The Mall Maze=149, BRUCE Project 1- Online Escape Room- Witty Escapes=1199, Sherlock The Grand Debut - Witty Escapes - Online=1499, Knight Chess Championship=125, Online Game - The Haunted Lake=149, Climber Fun Quiz=250, Online Escape Games - Witty Escapes=799, Online Game - Flight 9032 Murder Mystery=199, Online Game - Mission Black Terror=199, Free Fire Solo And Squad (Bermuda)=100, Online Game - Secret Mansion=199, BRUCE Project 2- Online Escape Room- Witty Escapes=1199, Haunted House - Online Escape Room - Witty Escapes=799, Battlegrounds Mobile India Tournament=125, Online Game - The Witch of Kahua=249, DOVIC 91- Halfway through the BIO WAR Countdown=499, Online Game - Time Travel=199, Online Game - Lost Treasure of Sundarbans=199, Pegasus Project- Online Escape Room- Witty Escapes=1199}
{Indian Chess League 2021=99, Johnson Call Of Duty Mobile Tournament=100, Free Fire Solo And Squad (Bermuda)=100, Knight Chess Championship=125, Battlegrounds Mobile India Tournament=125, Online Game - The Prisoner of Andaman=149, Online Game - The Mall Maze=149, Online Game - The Haunted Lake=149, Online Game - Flight 9032 Murder Mystery=199, Online Game - Mission Black Terror=199, Online Game - Secret Mansion=199, Online Game - Time Travel=199, Online Game - Lost Treasure of Sundarbans=199, Weekly Chess Maha Muqabla=225, Online Game - The Witch of Kahua=249, Climber Fun Quiz=250, Call of Duty Mobile Tournament=300, DOVIC 91- Halfway through the BIO WAR Countdown=499, Online Escape Games - Witty Escapes=799, Haunted House - Online Escape Room - Witty Escapes=799, BRUCE Project 1- Online Escape Room- Witty Escapes=1199, BRUCE Project 2- Online Escape Room- Witty Escapes=1199, Pegasus Project- Online Escape Room- Witty Escapes=1199, Sherlock The Grand Debut - Witty Escapes - Online=1499, Vidar Gaming Academy=5684}
Vidar Gaming Academy
Fri 02 Jul 2021 - Sat 31 Jul 2021
Weekly Chess Maha Muqabla
Sun 04 Jul 2021 - Sun 25 Jul 2021
Call of Duty Mobile Tournament
Sat 03 Jul 2021 - Sat 31 Jul 2021
Online Game - The Prisoner of Andaman
Fri 02 Jul 2021 - Sat 31 Jul 2021
]]></system-out>
    <system-err><![CDATA[Starting ChromeDriver 91.0.4472.19 (1bf021f248676a0b2ab3ee0561d83a59e424c23e-refs/branch-heads/4472@{#288}) on port 33038
Only local connections are allowed.
Please see https://chromedriver.chromium.org/security-considerations for suggestions on keeping ChromeDriver safe.
ChromeDriver was started successfully.
Jul 02, 2021 12:47:43 PM org.openqa.selenium.remote.ProtocolHandshake createSession
INFO: Detected dialect: W3C
]]></system-err>
  </testcase>
</testsuite>