<?xml version="1.0" encoding="UTF-8"?>
<!-- Generated by org.testng.reporters.JUnitReportReporter -->
<testsuite skipped="0" hostname="DESKTOP-P8L6JL1" name="Automation.BookMyShow.loginFunctionalityTest" tests="5" failures="0" timestamp="02 Jul 2021 06:47:33 GMT" time="24.961" errors="0">
  <testcase name="openBrowser" time="8.590" classname="Automation.BookMyShow.loginFunctionalityTest"/>
  <testcase name="signUpNCR" time="2.943" classname="Automation.BookMyShow.loginFunctionalityTest"/>
  <testcase name="signUp" time="4.469" classname="Automation.BookMyShow.loginFunctionalityTest"/>
  <testcase name="signUpUsingGoogle" time="0.843" classname="Automation.BookMyShow.loginFunctionalityTest"/>
  <testcase name="switchWindow" time="8.116" classname="Automation.BookMyShow.loginFunctionalityTest"/>
</testsuite> <!-- Automation.BookMyShow.loginFunctionalityTest -->
