<?xml version="1.0" encoding="UTF-8"?>
<!-- Generated by org.testng.reporters.JUnitReportReporter -->
<testsuite skipped="0" hostname="DESKTOP-P8L6JL1" name="Automation.BookMyShow.sportsNameCollectionTest" tests="1" failures="0" timestamp="02 Jul 2021 06:47:33 GMT" time="58.050" errors="0">
  <testcase name="clickAllLinks" time="58.050" classname="Automation.BookMyShow.sportsNameCollectionTest"/>
</testsuite> <!-- Automation.BookMyShow.sportsNameCollectionTest -->
