<?xml version="1.0" encoding="UTF-8"?>
<!-- Generated by org.testng.reporters.JUnitReportReporter -->
<testsuite skipped="0" hostname="DESKTOP-P8L6JL1" name="Automation.BookMyShow.loginFunctionalityTest" tests="5" failures="0" timestamp="01 Jul 2021 08:28:19 GMT" time="18.311" errors="0">
  <testcase name="openBrowser" time="7.388" classname="Automation.BookMyShow.loginFunctionalityTest"/>
  <testcase name="signUpNCR" time="1.597" classname="Automation.BookMyShow.loginFunctionalityTest"/>
  <testcase name="signUp" time="2.267" classname="Automation.BookMyShow.loginFunctionalityTest"/>
  <testcase name="signUpUsingGoogle" time="2.502" classname="Automation.BookMyShow.loginFunctionalityTest"/>
  <testcase name="switchWindow" time="4.557" classname="Automation.BookMyShow.loginFunctionalityTest"/>
</testsuite> <!-- Automation.BookMyShow.loginFunctionalityTest -->
