<?xml version="1.0" encoding="UTF-8"?>
<!-- Generated by org.testng.reporters.JUnitReportReporter -->
<testsuite skipped="0" hostname="DESKTOP-P8L6JL1" name="Automation.BookMyShow.loginFunctionalityTest" tests="5" failures="0" timestamp="30 Jun 2021 08:01:46 GMT" time="31.647" errors="0">
  <testcase name="openBrowser" time="14.149" classname="Automation.BookMyShow.loginFunctionalityTest"/>
  <testcase name="signUpNCR" time="5.139" classname="Automation.BookMyShow.loginFunctionalityTest"/>
  <testcase name="signUp" time="1.255" classname="Automation.BookMyShow.loginFunctionalityTest"/>
  <testcase name="signUpUsingGoogle" time="5.490" classname="Automation.BookMyShow.loginFunctionalityTest"/>
  <testcase name="switchWindow" time="5.614" classname="Automation.BookMyShow.loginFunctionalityTest"/>
</testsuite> <!-- Automation.BookMyShow.loginFunctionalityTest -->
