<?xml version="1.0" encoding="UTF-8"?>
<!-- Generated by org.testng.reporters.JUnitReportReporter -->
<testsuite skipped="0" hostname="DESKTOP-P8L6JL1" name="Automation.BookMyShow.movieNameCollectionTest" tests="3" failures="0" timestamp="02 Jul 2021 07:18:29 GMT" time="16.469" errors="0">
  <testcase name="openBrowser" time="8.006" classname="Automation.BookMyShow.movieNameCollectionTest"/>
  <testcase name="signUpNCR" time="1.699" classname="Automation.BookMyShow.movieNameCollectionTest"/>
  <testcase name="moviesData" time="6.764" classname="Automation.BookMyShow.movieNameCollectionTest"/>
</testsuite> <!-- Automation.BookMyShow.movieNameCollectionTest -->
