<?xml version="1.0" encoding="UTF-8"?>
<!-- Generated by org.testng.reporters.JUnitReportReporter -->
<testsuite skipped="0" hostname="DESKTOP-P8L6JL1" name="Automation.BookMyShow.loginFunctionalityTest" tests="5" failures="0" timestamp="28 Jun 2021 11:08:09 GMT" time="28.654" errors="0">
  <testcase name="openBrowser" time="9.769" classname="Automation.BookMyShow.loginFunctionalityTest"/>
  <testcase name="signUpNCR" time="3.080" classname="Automation.BookMyShow.loginFunctionalityTest"/>
  <testcase name="signUp" time="1.770" classname="Automation.BookMyShow.loginFunctionalityTest"/>
  <testcase name="signUpUsingGoogle" time="0.919" classname="Automation.BookMyShow.loginFunctionalityTest"/>
  <testcase name="switchWindow" time="13.116" classname="Automation.BookMyShow.loginFunctionalityTest"/>
</testsuite> <!-- Automation.BookMyShow.loginFunctionalityTest -->
