<?xml version="1.0" encoding="UTF-8"?>
<!-- Generated by org.testng.reporters.JUnitReportReporter -->
<testsuite skipped="0" hostname="DESKTOP-P8L6JL1" name="Automation.BookMyShow.loginFunctionalityTest" tests="5" failures="0" timestamp="02 Jul 2021 07:18:29 GMT" time="31.388" errors="0">
  <testcase name="openBrowser" time="9.162" classname="Automation.BookMyShow.loginFunctionalityTest"/>
  <testcase name="signUpNCR" time="1.498" classname="Automation.BookMyShow.loginFunctionalityTest"/>
  <testcase name="signUp" time="3.824" classname="Automation.BookMyShow.loginFunctionalityTest"/>
  <testcase name="signUpUsingGoogle" time="1.071" classname="Automation.BookMyShow.loginFunctionalityTest"/>
  <testcase name="switchWindow" time="15.833" classname="Automation.BookMyShow.loginFunctionalityTest"/>
</testsuite> <!-- Automation.BookMyShow.loginFunctionalityTest -->
