<?xml version="1.0" encoding="UTF-8"?>
<!-- Generated by org.testng.reporters.JUnitReportReporter -->
<testsuite hostname="DESKTOP-P8L6JL1" failures="0" tests="5" name="Automation.BookMyShow.loginFunctionalityTest" time="39.374" errors="0" timestamp="30 Jun 2021 09:50:42 GMT" skipped="0">
  <testcase classname="Automation.BookMyShow.loginFunctionalityTest" name="openBrowser" time="29.064"/>
  <testcase classname="Automation.BookMyShow.loginFunctionalityTest" name="signUpNCR" time="3.788"/>
  <testcase classname="Automation.BookMyShow.loginFunctionalityTest" name="signUp" time="3.975"/>
  <testcase classname="Automation.BookMyShow.loginFunctionalityTest" name="signUpUsingGoogle" time="2.018"/>
  <testcase classname="Automation.BookMyShow.loginFunctionalityTest" name="switchWindow" time="0.529"/>
</testsuite> <!-- Automation.BookMyShow.loginFunctionalityTest -->
