<?xml version="1.0" encoding="UTF-8"?>
<!-- Generated by org.testng.reporters.JUnitReportReporter -->
<testsuite skipped="0" hostname="DESKTOP-P8L6JL1" name="Automation.BookMyShow.movieNameCollectionTest" tests="3" failures="0" timestamp="01 Jul 2021 18:00:13 GMT" time="19.994" errors="0">
  <testcase name="openBrowser" time="11.524" classname="Automation.BookMyShow.movieNameCollectionTest"/>
  <testcase name="signUpNCR" time="1.921" classname="Automation.BookMyShow.movieNameCollectionTest"/>
  <testcase name="moviesData" time="6.549" classname="Automation.BookMyShow.movieNameCollectionTest"/>
</testsuite> <!-- Automation.BookMyShow.movieNameCollectionTest -->
