<?xml version="1.0" encoding="UTF-8"?>
<!-- Generated by org.testng.reporters.JUnitReportReporter -->
<testsuite hostname="DESKTOP-P8L6JL1" failures="0" tests="3" name="Automation.BookMyShow.movieNameCollectionTest" time="22.674" errors="0" timestamp="30 Jun 2021 09:50:42 GMT" skipped="0">
  <testcase classname="Automation.BookMyShow.movieNameCollectionTest" name="openBrowser" time="11.300"/>
  <testcase classname="Automation.BookMyShow.movieNameCollectionTest" name="signUpNCR" time="1.481"/>
  <testcase classname="Automation.BookMyShow.movieNameCollectionTest" name="moviesData" time="9.893"/>
</testsuite> <!-- Automation.BookMyShow.movieNameCollectionTest -->
