<?xml version="1.0" encoding="UTF-8"?>
<!-- Generated by org.testng.reporters.JUnitReportReporter -->
<testsuite skipped="0" hostname="DESKTOP-P8L6JL1" name="Automation.BookMyShow.movieNameCollectionTest" tests="3" failures="0" timestamp="28 Jun 2021 11:08:09 GMT" time="16.424" errors="0">
  <testcase name="openBrowser" time="8.916" classname="Automation.BookMyShow.movieNameCollectionTest"/>
  <testcase name="signUpNCR" time="1.643" classname="Automation.BookMyShow.movieNameCollectionTest"/>
  <testcase name="moviesData" time="5.865" classname="Automation.BookMyShow.movieNameCollectionTest"/>
</testsuite> <!-- Automation.BookMyShow.movieNameCollectionTest -->
