<?xml version="1.0" encoding="UTF-8"?>
<!-- Generated by org.testng.reporters.JUnitReportReporter -->
<testsuite hostname="DESKTOP-P8L6JL1" failures="0" tests="5" name="Automation.BookMyShow.loginFunctionalityTest" time="32.174" errors="0" timestamp="03 Jul 2021 18:18:54 GMT" skipped="0">
  <testcase classname="Automation.BookMyShow.loginFunctionalityTest" name="openBrowser" time="10.243"/>
  <testcase classname="Automation.BookMyShow.loginFunctionalityTest" name="signUpNCR" time="2.100"/>
  <testcase classname="Automation.BookMyShow.loginFunctionalityTest" name="signUp" time="2.431"/>
  <testcase classname="Automation.BookMyShow.loginFunctionalityTest" name="signUpUsingGoogle" time="0.876"/>
  <testcase classname="Automation.BookMyShow.loginFunctionalityTest" name="switchWindow" time="16.524"/>
</testsuite> <!-- Automation.BookMyShow.loginFunctionalityTest -->
