<?xml version="1.0" encoding="UTF-8"?>
<!-- Generated by org.testng.reporters.JUnitReportReporter -->
<testsuite hostname="DESKTOP-P8L6JL1" failures="0" tests="1" name="Automation.BookMyShow.sportsNameCollectionTest" time="64.350" errors="0" timestamp="03 Jul 2021 18:18:54 GMT" skipped="0">
  <testcase classname="Automation.BookMyShow.sportsNameCollectionTest" name="clickAllLinks" time="64.350"/>
</testsuite> <!-- Automation.BookMyShow.sportsNameCollectionTest -->
