<?xml version="1.0" encoding="UTF-8"?>
<!-- Generated by org.testng.reporters.JUnitReportReporter -->
<testsuite hostname="DESKTOP-P8L6JL1" failures="0" tests="3" name="Automation.BookMyShow.movieNameCollectionTest" time="30.507" errors="0" timestamp="03 Jul 2021 18:18:54 GMT" skipped="0">
  <testcase classname="Automation.BookMyShow.movieNameCollectionTest" name="openBrowser" time="17.142"/>
  <testcase classname="Automation.BookMyShow.movieNameCollectionTest" name="signUpNCR" time="1.859"/>
  <testcase classname="Automation.BookMyShow.movieNameCollectionTest" name="moviesData" time="11.506"/>
</testsuite> <!-- Automation.BookMyShow.movieNameCollectionTest -->
