<?xml version="1.0" encoding="UTF-8"?>
<!-- Generated by org.testng.reporters.JUnitReportReporter -->
<testsuite skipped="0" hostname="DESKTOP-P8L6JL1" name="Automation.BookMyShow.sportsNameCollectionTest" tests="1" failures="0" timestamp="28 Jun 2021 11:08:09 GMT" time="132.995" errors="0">
  <testcase name="clickAllLinks" time="132.995" classname="Automation.BookMyShow.sportsNameCollectionTest"/>
</testsuite> <!-- Automation.BookMyShow.sportsNameCollectionTest -->
